build/app/intermediates/manifest_merge_blame_file/debug/manifest-merger-blame-debug-report.txt
1<?xml version="1.0" encoding="utf-8"?>
2<manifest xmlns:android="http://schemas.android.com/apk/res/android"
3    package="com.example.chatsApp"
4    android:versionCode="1"
5    android:versionName="1.0.0" >
6
7    <uses-sdk
8        android:minSdkVersion="21"
9        android:targetSdkVersion="28" />
10    <!--
11         Flutter needs it to communicate with the running application
12         to allow setting breakpoints, to provide hot reload, etc.
13    -->
14    <uses-permission android:name="android.permission.INTERNET" />
14-->src/debug/AndroidManifest.xml:6:5-66
14-->src/debug/AndroidManifest.xml:6:22-64
15    <uses-permission android:name="android.permission.READ_EXTERNAL_STORAGE" />
15-->[:image_picker] AndroidManifest.xml:7:5-80
15-->[:image_picker] AndroidManifest.xml:7:22-77
16    <uses-permission android:name="android.permission.WRITE_EXTERNAL_STORAGE" />
16-->[:image_picker] AndroidManifest.xml:8:5-81
16-->[:image_picker] AndroidManifest.xml:8:22-78
17    <uses-permission android:name="android.permission.ACCESS_NETWORK_STATE" />
17-->[com.google.android.gms:play-services-measurement:17.2.2] AndroidManifest.xml:24:5-79
17-->[com.google.android.gms:play-services-measurement:17.2.2] AndroidManifest.xml:24:22-76
18    <uses-permission android:name="android.permission.WAKE_LOCK" />
18-->[com.google.android.gms:play-services-measurement:17.2.2] AndroidManifest.xml:25:5-68
18-->[com.google.android.gms:play-services-measurement:17.2.2] AndroidManifest.xml:25:22-65
19    <uses-permission android:name="com.google.android.finsky.permission.BIND_GET_INSTALL_REFERRER_SERVICE" /> <!-- Required by older versions of Google Play services to create IID tokens -->
19-->[com.google.android.gms:play-services-measurement:17.2.2] AndroidManifest.xml:26:5-110
19-->[com.google.android.gms:play-services-measurement:17.2.2] AndroidManifest.xml:26:22-107
20    <uses-permission android:name="com.google.android.c2dm.permission.RECEIVE" />
20-->[com.google.firebase:firebase-iid:20.0.2] AndroidManifest.xml:26:5-82
20-->[com.google.firebase:firebase-iid:20.0.2] AndroidManifest.xml:26:22-79
21    <!--
22 io.flutter.app.FlutterApplication is an android.app.Application that
23         calls FlutterMain.startInitialization(this); in its onCreate method.
24         In most cases you can leave this as-is, but you if you want to provide
25         additional functionality it is fine to subclass or reimplement
26         FlutterApplication and put your custom class here.
27    -->
28    <application
28-->src/main/AndroidManifest.xml:8:5-51:19
29        android:name="io.flutter.app.FlutterApplication"
29-->src/main/AndroidManifest.xml:9:9-57
30        android:appComponentFactory="androidx.core.app.CoreComponentFactory"
30-->[androidx.core:core:1.1.0] AndroidManifest.xml:24:18-86
31        android:debuggable="true"
32        android:icon="@mipmap/ic_launcher"
32-->src/main/AndroidManifest.xml:11:9-43
33        android:label="chatsApp" >
33-->src/main/AndroidManifest.xml:10:9-33
34        <activity
34-->src/main/AndroidManifest.xml:12:9-45:20
35            android:name="com.example.chatsApp.MainActivity"
35-->src/main/AndroidManifest.xml:13:13-41
36            android:configChanges="orientation|keyboardHidden|keyboard|screenSize|smallestScreenSize|locale|layoutDirection|fontScale|screenLayout|density|uiMode"
36-->src/main/AndroidManifest.xml:16:13-163
37            android:hardwareAccelerated="true"
37-->src/main/AndroidManifest.xml:17:13-47
38            android:launchMode="singleTop"
38-->src/main/AndroidManifest.xml:14:13-43
39            android:theme="@style/LaunchTheme"
39-->src/main/AndroidManifest.xml:15:13-47
40            android:windowSoftInputMode="adjustResize" >
40-->src/main/AndroidManifest.xml:18:13-55
41
42            <!--
43                 Specifies an Android theme to apply to this Activity as soon as
44                 the Android process has started. This theme is visible to the user
45                 while the Flutter UI initializes. After that, this theme continues
46                 to determine the Window background behind the Flutter UI.
47            -->
48            <meta-data
48-->src/main/AndroidManifest.xml:23:13-26:17
49                android:name="io.flutter.embedding.android.NormalTheme"
49-->src/main/AndroidManifest.xml:24:15-70
50                android:resource="@style/NormalTheme" />
50-->src/main/AndroidManifest.xml:25:15-52
51            <!--
52                 Displays an Android View that continues showing the launch screen
53                 Drawable until Flutter paints its first frame, then this splash
54                 screen fades out. A splash screen is useful to avoid any visual
55                 gap between the end of Android's launch screen and the painting of
56                 Flutter's first frame.
57            -->
58            <meta-data
58-->src/main/AndroidManifest.xml:32:13-35:17
59                android:name="io.flutter.embedding.android.SplashScreenDrawable"
59-->src/main/AndroidManifest.xml:33:15-79
60                android:resource="@drawable/launch_background" />
60-->src/main/AndroidManifest.xml:34:15-61
61
62            <intent-filter>
62-->src/main/AndroidManifest.xml:36:13-39:29
63                <action android:name="android.intent.action.MAIN" />
63-->src/main/AndroidManifest.xml:37:17-68
63-->src/main/AndroidManifest.xml:37:25-66
64
65                <category android:name="android.intent.category.LAUNCHER" />
65-->src/main/AndroidManifest.xml:38:17-76
65-->src/main/AndroidManifest.xml:38:27-74
66            </intent-filter>
67            <intent-filter>
67-->src/main/AndroidManifest.xml:40:13-43:29
68                <action android:name="FLUTTER_NOTIFICATION_CLICK" />
68-->src/main/AndroidManifest.xml:41:17-69
68-->src/main/AndroidManifest.xml:41:25-66
69
70                <category android:name="android.intent.category.DEFAULT" />
70-->src/main/AndroidManifest.xml:42:17-76
70-->src/main/AndroidManifest.xml:42:27-73
71            </intent-filter>
72        </activity>
73        <!--
74             Don't delete the meta-data below.
75             This is used by the Flutter tool to generate GeneratedPluginRegistrant.java
76        -->
77        <meta-data
77-->src/main/AndroidManifest.xml:48:9-50:33
78            android:name="flutterEmbedding"
78-->src/main/AndroidManifest.xml:49:13-44
79            android:value="2" />
79-->src/main/AndroidManifest.xml:50:13-30
80
81        <service
81-->[:firebase_storage] AndroidManifest.xml:8:9-12:19
82            android:name="com.google.firebase.components.ComponentDiscoveryService"
82-->[:firebase_storage] AndroidManifest.xml:8:18-89
83            android:directBootAware="true"
83-->[com.google.firebase:firebase-common:19.3.0] AndroidManifest.xml:34:13-43
84            android:exported="false" >
84-->[com.google.firebase:firebase-auth:19.2.0] AndroidManifest.xml:35:13-37
85            <meta-data
85-->[:firebase_storage] AndroidManifest.xml:9:13-11:85
86                android:name="com.google.firebase.components:io.flutter.plugins.firebase.storage.FlutterFirebaseAppRegistrar"
86-->[:firebase_storage] AndroidManifest.xml:10:17-126
87                android:value="com.google.firebase.components.ComponentRegistrar" />
87-->[:firebase_storage] AndroidManifest.xml:11:17-82
88            <meta-data
88-->[:firebase_messaging] AndroidManifest.xml:14:13-16:85
89                android:name="com.google.firebase.components:io.flutter.plugins.firebasemessaging.FlutterFirebaseAppRegistrar"
89-->[:firebase_messaging] AndroidManifest.xml:15:17-127
90                android:value="com.google.firebase.components.ComponentRegistrar" />
90-->[:firebase_messaging] AndroidManifest.xml:16:17-82
91            <meta-data
91-->[:cloud_firestore] AndroidManifest.xml:9:13-11:85
92                android:name="com.google.firebase.components:io.flutter.plugins.firebase.cloudfirestore.FlutterFirebaseAppRegistrar"
92-->[:cloud_firestore] AndroidManifest.xml:10:17-133
93                android:value="com.google.firebase.components.ComponentRegistrar" />
93-->[:cloud_firestore] AndroidManifest.xml:11:17-82
94            <meta-data
94-->[:firebase_auth] AndroidManifest.xml:9:13-11:85
95                android:name="com.google.firebase.components:io.flutter.plugins.firebaseauth.FlutterFirebaseAppRegistrar"
95-->[:firebase_auth] AndroidManifest.xml:10:17-122
96                android:value="com.google.firebase.components.ComponentRegistrar" />
96-->[:firebase_auth] AndroidManifest.xml:11:17-82
97            <meta-data
97-->[:firebase_core] AndroidManifest.xml:9:13-11:85
98                android:name="com.google.firebase.components:io.flutter.plugins.firebase.core.FlutterFirebaseAppRegistrar"
98-->[:firebase_core] AndroidManifest.xml:10:17-123
99                android:value="com.google.firebase.components.ComponentRegistrar" />
99-->[:firebase_core] AndroidManifest.xml:11:17-82
100            <meta-data
100-->[com.google.firebase:firebase-auth:19.2.0] AndroidManifest.xml:36:13-38:85
101                android:name="com.google.firebase.components:com.google.firebase.auth.FirebaseAuthRegistrar"
101-->[com.google.firebase:firebase-auth:19.2.0] AndroidManifest.xml:37:17-109
102                android:value="com.google.firebase.components.ComponentRegistrar" />
102-->[com.google.firebase:firebase-auth:19.2.0] AndroidManifest.xml:38:17-82
103            <meta-data
103-->[com.google.android.gms:play-services-measurement-api:17.2.2] AndroidManifest.xml:30:13-32:85
104                android:name="com.google.firebase.components:com.google.firebase.analytics.connector.internal.AnalyticsConnectorRegistrar"
104-->[com.google.android.gms:play-services-measurement-api:17.2.2] AndroidManifest.xml:31:17-139
105                android:value="com.google.firebase.components.ComponentRegistrar" />
105-->[com.google.android.gms:play-services-measurement-api:17.2.2] AndroidManifest.xml:32:17-82
106            <meta-data
106-->[com.google.firebase:firebase-storage:17.0.0] AndroidManifest.xml:31:13-33:85
107                android:name="com.google.firebase.components:com.google.firebase.storage.StorageRegistrar"
107-->[com.google.firebase:firebase-storage:17.0.0] AndroidManifest.xml:32:17-107
108                android:value="com.google.firebase.components.ComponentRegistrar" />
108-->[com.google.firebase:firebase-storage:17.0.0] AndroidManifest.xml:33:17-82
109            <meta-data
109-->[com.google.firebase:firebase-firestore:21.3.0] AndroidManifest.xml:20:13-22:85
110                android:name="com.google.firebase.components:com.google.firebase.firestore.FirestoreRegistrar"
110-->[com.google.firebase:firebase-firestore:21.3.0] AndroidManifest.xml:21:17-111
111                android:value="com.google.firebase.components.ComponentRegistrar" />
111-->[com.google.firebase:firebase-firestore:21.3.0] AndroidManifest.xml:22:17-82
112            <meta-data
112-->[com.google.firebase:firebase-iid:20.0.2] AndroidManifest.xml:32:13-34:85
113                android:name="com.google.firebase.components:com.google.firebase.iid.Registrar"
113-->[com.google.firebase:firebase-iid:20.0.2] AndroidManifest.xml:33:17-96
114                android:value="com.google.firebase.components.ComponentRegistrar" />
114-->[com.google.firebase:firebase-iid:20.0.2] AndroidManifest.xml:34:17-82
115        </service>
116
117        <provider
117-->[:image_picker] AndroidManifest.xml:11:9-19:20
118            android:name="io.flutter.plugins.imagepicker.ImagePickerFileProvider"
118-->[:image_picker] AndroidManifest.xml:12:13-82
119            android:authorities="com.example.chatsApp.flutter.image_provider"
119-->[:image_picker] AndroidManifest.xml:13:13-74
120            android:exported="false"
120-->[:image_picker] AndroidManifest.xml:14:13-37
121            android:grantUriPermissions="true" >
121-->[:image_picker] AndroidManifest.xml:15:13-47
122            <meta-data
122-->[:image_picker] AndroidManifest.xml:16:13-18:75
123                android:name="android.support.FILE_PROVIDER_PATHS"
123-->[:image_picker] AndroidManifest.xml:17:17-67
124                android:resource="@xml/flutter_image_picker_file_paths" />
124-->[:image_picker] AndroidManifest.xml:18:17-72
125        </provider>
126
127        <service android:name="io.flutter.plugins.firebasemessaging.FlutterFirebaseMessagingService" >
127-->[:firebase_messaging] AndroidManifest.xml:8:9-12:19
127-->[:firebase_messaging] AndroidManifest.xml:8:18-101
128            <intent-filter>
128-->[:firebase_messaging] AndroidManifest.xml:9:13-11:29
129                <action android:name="com.google.firebase.MESSAGING_EVENT" />
129-->[:firebase_messaging] AndroidManifest.xml:10:17-78
129-->[:firebase_messaging] AndroidManifest.xml:10:25-75
130            </intent-filter>
131        </service>
132
133        <activity
133-->[com.google.firebase:firebase-auth:19.2.0] AndroidManifest.xml:24:9-31:50
134            android:name="com.google.firebase.auth.internal.FederatedSignInActivity"
134-->[com.google.firebase:firebase-auth:19.2.0] AndroidManifest.xml:25:13-85
135            android:excludeFromRecents="true"
135-->[com.google.firebase:firebase-auth:19.2.0] AndroidManifest.xml:26:13-46
136            android:exported="true"
136-->[com.google.firebase:firebase-auth:19.2.0] AndroidManifest.xml:27:13-36
137            android:launchMode="singleTask"
137-->[com.google.firebase:firebase-auth:19.2.0] AndroidManifest.xml:28:13-44
138            android:permission="com.google.firebase.auth.api.gms.permission.LAUNCH_FEDERATED_SIGN_IN"
138-->[com.google.firebase:firebase-auth:19.2.0] AndroidManifest.xml:29:13-102
139            android:theme="@android:style/Theme.Translucent.NoTitleBar" />
139-->[com.google.firebase:firebase-auth:19.2.0] AndroidManifest.xml:30:13-72
140
141        <receiver
141-->[com.google.android.gms:play-services-measurement:17.2.2] AndroidManifest.xml:29:9-33:20
142            android:name="com.google.android.gms.measurement.AppMeasurementReceiver"
142-->[com.google.android.gms:play-services-measurement:17.2.2] AndroidManifest.xml:30:13-85
143            android:enabled="true"
143-->[com.google.android.gms:play-services-measurement:17.2.2] AndroidManifest.xml:31:13-35
144            android:exported="false" >
144-->[com.google.android.gms:play-services-measurement:17.2.2] AndroidManifest.xml:32:13-37
145        </receiver>
146        <receiver
146-->[com.google.android.gms:play-services-measurement:17.2.2] AndroidManifest.xml:34:9-42:20
147            android:name="com.google.android.gms.measurement.AppMeasurementInstallReferrerReceiver"
147-->[com.google.android.gms:play-services-measurement:17.2.2] AndroidManifest.xml:35:13-100
148            android:enabled="true"
148-->[com.google.android.gms:play-services-measurement:17.2.2] AndroidManifest.xml:36:13-35
149            android:exported="true"
149-->[com.google.android.gms:play-services-measurement:17.2.2] AndroidManifest.xml:37:13-36
150            android:permission="android.permission.INSTALL_PACKAGES" >
150-->[com.google.android.gms:play-services-measurement:17.2.2] AndroidManifest.xml:38:13-69
151            <intent-filter>
151-->[com.google.android.gms:play-services-measurement:17.2.2] AndroidManifest.xml:39:13-41:29
152                <action android:name="com.android.vending.INSTALL_REFERRER" />
152-->[com.google.android.gms:play-services-measurement:17.2.2] AndroidManifest.xml:40:17-79
152-->[com.google.android.gms:play-services-measurement:17.2.2] AndroidManifest.xml:40:25-76
153            </intent-filter>
154        </receiver>
155
156        <service
156-->[com.google.android.gms:play-services-measurement:17.2.2] AndroidManifest.xml:44:9-47:40
157            android:name="com.google.android.gms.measurement.AppMeasurementService"
157-->[com.google.android.gms:play-services-measurement:17.2.2] AndroidManifest.xml:45:13-84
158            android:enabled="true"
158-->[com.google.android.gms:play-services-measurement:17.2.2] AndroidManifest.xml:46:13-35
159            android:exported="false" />
159-->[com.google.android.gms:play-services-measurement:17.2.2] AndroidManifest.xml:47:13-37
160        <service
160-->[com.google.android.gms:play-services-measurement:17.2.2] AndroidManifest.xml:48:9-52:72
161            android:name="com.google.android.gms.measurement.AppMeasurementJobService"
161-->[com.google.android.gms:play-services-measurement:17.2.2] AndroidManifest.xml:49:13-87
162            android:enabled="true"
162-->[com.google.android.gms:play-services-measurement:17.2.2] AndroidManifest.xml:50:13-35
163            android:exported="false"
163-->[com.google.android.gms:play-services-measurement:17.2.2] AndroidManifest.xml:51:13-37
164            android:permission="android.permission.BIND_JOB_SERVICE" />
164-->[com.google.android.gms:play-services-measurement:17.2.2] AndroidManifest.xml:52:13-69
165        <!--
166             FirebaseMessagingService performs security checks at runtime,
167             but set to not exported to explicitly avoid allowing another app to call it.
168        -->
169        <service
169-->[com.google.firebase:firebase-messaging:20.0.1] AndroidManifest.xml:28:9-34:19
170            android:name="com.google.firebase.messaging.FirebaseMessagingService"
170-->[com.google.firebase:firebase-messaging:20.0.1] AndroidManifest.xml:29:13-82
171            android:exported="false" >
171-->[com.google.firebase:firebase-messaging:20.0.1] AndroidManifest.xml:30:13-37
172            <intent-filter android:priority="-500" >
172-->[:firebase_messaging] AndroidManifest.xml:9:13-11:29
173                <action android:name="com.google.firebase.MESSAGING_EVENT" />
173-->[:firebase_messaging] AndroidManifest.xml:10:17-78
173-->[:firebase_messaging] AndroidManifest.xml:10:25-75
174            </intent-filter>
175        </service>
176
177        <receiver
177-->[com.google.firebase:firebase-iid:20.0.2] AndroidManifest.xml:37:9-44:20
178            android:name="com.google.firebase.iid.FirebaseInstanceIdReceiver"
178-->[com.google.firebase:firebase-iid:20.0.2] AndroidManifest.xml:38:13-78
179            android:exported="true"
179-->[com.google.firebase:firebase-iid:20.0.2] AndroidManifest.xml:39:13-36
180            android:permission="com.google.android.c2dm.permission.SEND" >
180-->[com.google.firebase:firebase-iid:20.0.2] AndroidManifest.xml:40:13-73
181            <intent-filter>
181-->[com.google.firebase:firebase-iid:20.0.2] AndroidManifest.xml:41:13-43:29
182                <action android:name="com.google.android.c2dm.intent.RECEIVE" />
182-->[com.google.firebase:firebase-iid:20.0.2] AndroidManifest.xml:42:17-81
182-->[com.google.firebase:firebase-iid:20.0.2] AndroidManifest.xml:42:25-78
183            </intent-filter>
184        </receiver>
185
186        <provider
186-->[com.google.firebase:firebase-common:19.3.0] AndroidManifest.xml:26:9-30:39
187            android:name="com.google.firebase.provider.FirebaseInitProvider"
187-->[com.google.firebase:firebase-common:19.3.0] AndroidManifest.xml:27:13-77
188            android:authorities="com.example.chatsApp.firebaseinitprovider"
188-->[com.google.firebase:firebase-common:19.3.0] AndroidManifest.xml:28:13-72
189            android:exported="false"
189-->[com.google.firebase:firebase-common:19.3.0] AndroidManifest.xml:29:13-37
190            android:initOrder="100" />
190-->[com.google.firebase:firebase-common:19.3.0] AndroidManifest.xml:30:13-36
191
192        <activity
192-->[com.google.android.gms:play-services-base:17.1.0] AndroidManifest.xml:23:9-26:75
193            android:name="com.google.android.gms.common.api.GoogleApiActivity"
193-->[com.google.android.gms:play-services-base:17.1.0] AndroidManifest.xml:24:13-79
194            android:exported="false"
194-->[com.google.android.gms:play-services-base:17.1.0] AndroidManifest.xml:25:13-37
195            android:theme="@android:style/Theme.Translucent.NoTitleBar" />
195-->[com.google.android.gms:play-services-base:17.1.0] AndroidManifest.xml:26:13-72
196
197        <meta-data
197-->[com.google.android.gms:play-services-basement:17.0.0] AndroidManifest.xml:23:9-25:69
198            android:name="com.google.android.gms.version"
198-->[com.google.android.gms:play-services-basement:17.0.0] AndroidManifest.xml:24:13-58
199            android:value="@integer/google_play_services_version" />
199-->[com.google.android.gms:play-services-basement:17.0.0] AndroidManifest.xml:25:13-66
200    </application>
201
202</manifest>